<?xml version="1.0" encoding="UTF-8"?>
<!-- Generated by org.testng.reporters.JUnitXMLReporter -->
<testsuite ignored="0" hostname="LAPTOP-QQJ8TVIF" failures="0" tests="3" name="Default test" time="34.261" errors="0" timestamp="2025-07-30T16:10:12 IST">
  <testcase classname="testcase.LoginTest" name="testInvalidLoginShowErrorMsg" time="5.497"/>
  <testcase classname="testcase.LoginTest" name="testLoginButtonDisabledWhenFieldAreEmptys" time="2.319"/>
  <testcase classname="testcase.LoginTest" name="testPasswordMaskedbutton" time="2.105"/>
</testsuite> <!-- Default test -->
